1615750689481	mozrunner::runner	INFO	Running command: "C:\\Program Files\\Mozilla Firefox\\firefox.exe" "-marionette" "-foreground" "-no-remote" "-profile" "C:\\Users\\luame\\AppData\\Local\\Temp\\rust_mozprofile.E6R7rGRy8e7X"
1615750769921	mozrunner::runner	INFO	Running command: "C:\\Program Files\\Mozilla Firefox\\firefox.exe" "-marionette" "-foreground" "-no-remote" "-profile" "C:\\Users\\luame\\AppData\\Local\\Temp\\rust_mozprofile.54p98ARMFbEF"
JavaScript error: resource://gre/modules/XULStore.jsm, line 66: Error: Can't find profile directory.
console.warn: SearchSettings: "get: No settings file exists, new profile?" (new Error("", "(unknown module)"))
1615750776546	Marionette	INFO	Listening on port 58168
1615750776869	Marionette	WARN	TLS certificate errors will be ignored for this session
JavaScript warning: https://nfse.salvador.ba.gov.br/scripts/vendor/jquery-1.9.1.min.js, line 2: Using //@ to indicate sourceMappingURL pragmas is deprecated. Use //# instead
JavaScript warning: https://nfse.salvador.ba.gov.br/scripts/vendor/jquery-1.9.1.min.js, line 2: Using //@ to indicate sourceMappingURL pragmas is deprecated. Use //# instead
1615750790782	Marionette	WARN	Ignoring event 'DOMContentLoaded' because document has an invalid readyState of 'complete'.
JavaScript warning: https://nfse.salvador.ba.gov.br/scripts/vendor/jquery-1.9.1.min.js, line 2: Using //@ to indicate sourceMappingURL pragmas is deprecated. Use //# instead
JavaScript warning: https://nfse.salvador.ba.gov.br/scripts/vendor/jquery-1.9.1.min.js, line 2: Using //@ to indicate sourceMappingURL pragmas is deprecated. Use //# instead
1615750804366	Marionette	INFO	Stopped listening on port 58168

###!!! [Child][RunMessage] Error: Channel closing: too late to send/recv, messages will be lost

1615752090583	mozrunner::runner	INFO	Running command: "C:\\Program Files\\Mozilla Firefox\\firefox.exe" "-marionette" "-foreground" "-no-remote" "-profile" "C:\\Users\\luame\\AppData\\Local\\Temp\\rust_mozprofile.cgEscaqfBiKq"
JavaScript error: resource://gre/modules/XULStore.jsm, line 66: Error: Can't find profile directory.
console.warn: SearchSettings: "get: No settings file exists, new profile?" (new Error("", "(unknown module)"))
1615752097633	Marionette	INFO	Listening on port 59219
1615752097941	Marionette	WARN	TLS certificate errors will be ignored for this session
JavaScript warning: https://nfse.salvador.ba.gov.br/scripts/vendor/jquery-1.9.1.min.js, line 2: Using //@ to indicate sourceMappingURL pragmas is deprecated. Use //# instead
1615752099819	Marionette	INFO	Stopped listening on port 59219

###!!! [Child][RunMessage] Error: Channel closing: too late to send/recv, messages will be lost

1615752105218	mozrunner::runner	INFO	Running command: "C:\\Program Files\\Mozilla Firefox\\firefox.exe" "-marionette" "-foreground" "-no-remote" "-profile" "C:\\Users\\luame\\AppData\\Local\\Temp\\rust_mozprofile.6FutAu9xuXbJ"
JavaScript error: resource://gre/modules/XULStore.jsm, line 66: Error: Can't find profile directory.
console.warn: SearchSettings: "get: No settings file exists, new profile?" (new Error("", "(unknown module)"))
1615752111584	Marionette	INFO	Listening on port 59288
1615752111941	Marionette	WARN	TLS certificate errors will be ignored for this session
JavaScript warning: https://nfse.salvador.ba.gov.br/scripts/vendor/jquery-1.9.1.min.js, line 2: Using //@ to indicate sourceMappingURL pragmas is deprecated. Use //# instead
1615752114049	Marionette	INFO	Stopped listening on port 59288

###!!! [Child][RunMessage] Error: Channel closing: too late to send/recv, messages will be lost

1615752118923	mozrunner::runner	INFO	Running command: "C:\\Program Files\\Mozilla Firefox\\firefox.exe" "-marionette" "-foreground" "-no-remote" "-profile" "C:\\Users\\luame\\AppData\\Local\\Temp\\rust_mozprofile.jghQtGAkqK0D"
JavaScript error: resource://gre/modules/XULStore.jsm, line 66: Error: Can't find profile directory.
console.warn: SearchSettings: "get: No settings file exists, new profile?" (new Error("", "(unknown module)"))
1615752124576	Marionette	INFO	Listening on port 59357
1615752124642	Marionette	WARN	TLS certificate errors will be ignored for this session
JavaScript warning: https://nfse.salvador.ba.gov.br/scripts/vendor/jquery-1.9.1.min.js, line 2: Using //@ to indicate sourceMappingURL pragmas is deprecated. Use //# instead
1615752126003	Marionette	INFO	Stopped listening on port 59357

###!!! [Child][RunMessage] Error: Channel closing: too late to send/recv, messages will be lost

1615752133240	mozrunner::runner	INFO	Running command: "C:\\Program Files\\Mozilla Firefox\\firefox.exe" "-marionette" "-foreground" "-no-remote" "-profile" "C:\\Users\\luame\\AppData\\Local\\Temp\\rust_mozprofile.Q5v9f7Z34EMT"
JavaScript error: resource://gre/modules/XULStore.jsm, line 66: Error: Can't find profile directory.
console.warn: SearchSettings: "get: No settings file exists, new profile?" (new Error("", "(unknown module)"))
1615752140934	Marionette	INFO	Listening on port 59420
1615752141422	Marionette	WARN	TLS certificate errors will be ignored for this session
JavaScript warning: https://nfse.salvador.ba.gov.br/scripts/vendor/jquery-1.9.1.min.js, line 2: Using //@ to indicate sourceMappingURL pragmas is deprecated. Use //# instead
1615752142790	Marionette	INFO	Stopped listening on port 59420

###!!! [Child][RunMessage] Error: Channel closing: too late to send/recv, messages will be lost

1615752147729	mozrunner::runner	INFO	Running command: "C:\\Program Files\\Mozilla Firefox\\firefox.exe" "-marionette" "-foreground" "-no-remote" "-profile" "C:\\Users\\luame\\AppData\\Local\\Temp\\rust_mozprofile.6Nw19Tn19l77"
JavaScript error: resource://gre/modules/XULStore.jsm, line 66: Error: Can't find profile directory.
console.warn: SearchSettings: "get: No settings file exists, new profile?" (new Error("", "(unknown module)"))
1615752154289	Marionette	INFO	Listening on port 59486
1615752154527	Marionette	WARN	TLS certificate errors will be ignored for this session
JavaScript warning: https://nfse.salvador.ba.gov.br/scripts/vendor/jquery-1.9.1.min.js, line 2: Using //@ to indicate sourceMappingURL pragmas is deprecated. Use //# instead
1615752156019	Marionette	INFO	Stopped listening on port 59486

###!!! [Child][RunMessage] Error: Channel closing: too late to send/recv, messages will be lost

1615752309037	mozrunner::runner	INFO	Running command: "C:\\Program Files\\Mozilla Firefox\\firefox.exe" "-marionette" "-foreground" "-no-remote" "-profile" "C:\\Users\\luame\\AppData\\Local\\Temp\\rust_mozprofile.FNHn5wAtmzn6"
JavaScript error: resource://gre/modules/XULStore.jsm, line 66: Error: Can't find profile directory.
console.warn: SearchSettings: "get: No settings file exists, new profile?" (new Error("", "(unknown module)"))
1615752314791	Marionette	INFO	Listening on port 59675
1615752314937	Marionette	WARN	TLS certificate errors will be ignored for this session
JavaScript warning: https://nfse.salvador.ba.gov.br/scripts/vendor/jquery-1.9.1.min.js, line 2: Using //@ to indicate sourceMappingURL pragmas is deprecated. Use //# instead
1615752316947	Marionette	INFO	Stopped listening on port 59675

###!!! [Child][RunMessage] Error: Channel closing: too late to send/recv, messages will be lost

1615752321841	mozrunner::runner	INFO	Running command: "C:\\Program Files\\Mozilla Firefox\\firefox.exe" "-marionette" "-foreground" "-no-remote" "-profile" "C:\\Users\\luame\\AppData\\Local\\Temp\\rust_mozprofile.iC3JUaHTEiSX"
JavaScript error: resource://gre/modules/XULStore.jsm, line 66: Error: Can't find profile directory.
console.warn: SearchSettings: "get: No settings file exists, new profile?" (new Error("", "(unknown module)"))
1615752327758	Marionette	INFO	Listening on port 59739
1615752327961	Marionette	WARN	TLS certificate errors will be ignored for this session
JavaScript warning: https://nfse.salvador.ba.gov.br/scripts/vendor/jquery-1.9.1.min.js, line 2: Using //@ to indicate sourceMappingURL pragmas is deprecated. Use //# instead
1615752329263	Marionette	INFO	Stopped listening on port 59739

###!!! [Child][RunMessage] Error: Channel closing: too late to send/recv, messages will be lost

1615752334239	mozrunner::runner	INFO	Running command: "C:\\Program Files\\Mozilla Firefox\\firefox.exe" "-marionette" "-foreground" "-no-remote" "-profile" "C:\\Users\\luame\\AppData\\Local\\Temp\\rust_mozprofile.Z0fpyjCJogOU"
JavaScript error: resource://gre/modules/XULStore.jsm, line 66: Error: Can't find profile directory.
console.warn: SearchSettings: "get: No settings file exists, new profile?" (new Error("", "(unknown module)"))
1615752341872	Marionette	INFO	Listening on port 59796
1615752341960	Marionette	WARN	TLS certificate errors will be ignored for this session
JavaScript warning: https://nfse.salvador.ba.gov.br/scripts/vendor/jquery-1.9.1.min.js, line 2: Using //@ to indicate sourceMappingURL pragmas is deprecated. Use //# instead
1615752343158	Marionette	INFO	Stopped listening on port 59796
JavaScript error: resource://activity-stream/lib/ASRouter.jsm, line 988: NS_ERROR_ILLEGAL_VALUE: Component returned failure code: 0x80070057 (NS_ERROR_ILLEGAL_VALUE) [nsIObserverService.removeObserver]

###!!! [Child][RunMessage] Error: Channel closing: too late to send/recv, messages will be lost

1615752349465	mozrunner::runner	INFO	Running command: "C:\\Program Files\\Mozilla Firefox\\firefox.exe" "-marionette" "-foreground" "-no-remote" "-profile" "C:\\Users\\luame\\AppData\\Local\\Temp\\rust_mozprofile.9SCRHB7fGq1K"
JavaScript error: resource://gre/modules/XULStore.jsm, line 66: Error: Can't find profile directory.
console.warn: SearchSettings: "get: No settings file exists, new profile?" (new Error("", "(unknown module)"))
1615752356380	Marionette	INFO	Listening on port 59859
1615752356911	Marionette	WARN	TLS certificate errors will be ignored for this session
JavaScript warning: https://nfse.salvador.ba.gov.br/scripts/vendor/jquery-1.9.1.min.js, line 2: Using //@ to indicate sourceMappingURL pragmas is deprecated. Use //# instead
1615752358322	Marionette	INFO	Stopped listening on port 59859

###!!! [Child][RunMessage] Error: Channel closing: too late to send/recv, messages will be lost

1615752363773	mozrunner::runner	INFO	Running command: "C:\\Program Files\\Mozilla Firefox\\firefox.exe" "-marionette" "-foreground" "-no-remote" "-profile" "C:\\Users\\luame\\AppData\\Local\\Temp\\rust_mozprofile.qFKKgwzGLKoR"
JavaScript error: resource://gre/modules/XULStore.jsm, line 66: Error: Can't find profile directory.
console.warn: SearchSettings: "get: No settings file exists, new profile?" (new Error("", "(unknown module)"))
1615752369963	Marionette	INFO	Listening on port 59921
JavaScript error: resource://activity-stream/lib/ASRouter.jsm, line 988: NS_ERROR_ILLEGAL_VALUE: Component returned failure code: 0x80070057 (NS_ERROR_ILLEGAL_VALUE) [nsIObserverService.removeObserver]
console.warn: services.settings: main/cfr-fxa sync interrupted by shutdown
1615752370659	Marionette	WARN	TLS certificate errors will be ignored for this session
Marionette threw an error: TypeError: this.curBrowser is null
GeckoDriver.prototype.newSession@chrome://marionette/content/driver.js:910:7
despatch@chrome://marionette/content/server.js:297:40
execute@chrome://marionette/content/server.js:267:16
onPacket/<@chrome://marionette/content/server.js:240:20
onPacket@chrome://marionette/content/server.js:241:9
_onJSONObjectReady/<@chrome://marionette/content/transport.js:504:20

1615752371479	Marionette	INFO	Stopped listening on port 59921
1615752428957	mozrunner::runner	INFO	Running command: "C:\\Program Files\\Mozilla Firefox\\firefox.exe" "-marionette" "-foreground" "-no-remote" "-profile" "C:\\Users\\luame\\AppData\\Local\\Temp\\rust_mozprofile.Iqg1jzeExBkm"
JavaScript error: resource://gre/modules/XULStore.jsm, line 66: Error: Can't find profile directory.
console.warn: SearchSettings: "get: No settings file exists, new profile?" (new Error("", "(unknown module)"))
1615752435242	Marionette	INFO	Listening on port 60014
1615752435674	Marionette	WARN	TLS certificate errors will be ignored for this session
JavaScript warning: https://nfse.salvador.ba.gov.br/scripts/vendor/jquery-1.9.1.min.js, line 2: Using //@ to indicate sourceMappingURL pragmas is deprecated. Use //# instead
1615752437793	Marionette	INFO	Stopped listening on port 60014
JavaScript error: resource://gre/modules/UrlClassifierListManager.jsm, line 691: TypeError: this.tablesData[table] is undefined

###!!! [Child][RunMessage] Error: Channel closing: too late to send/recv, messages will be lost

1615752442665	mozrunner::runner	INFO	Running command: "C:\\Program Files\\Mozilla Firefox\\firefox.exe" "-marionette" "-foreground" "-no-remote" "-profile" "C:\\Users\\luame\\AppData\\Local\\Temp\\rust_mozprofile.Azwu3QZwXk6g"
JavaScript error: resource://gre/modules/XULStore.jsm, line 66: Error: Can't find profile directory.
console.warn: SearchSettings: "get: No settings file exists, new profile?" (new Error("", "(unknown module)"))
JavaScript error: resource://activity-stream/lib/ASRouterNewTabHook.jsm, line 61: TypeError: this._router is null

###!!! [Child][RunMessage] Error: Channel closing: too late to send/recv, messages will be lost

1616027348984	geckodriver	INFO	Listening on 127.0.0.1:51588
1616027351980	mozrunner::runner	INFO	Running command: "C:\\Program Files\\Mozilla Firefox\\firefox.exe" "--marionette" "-foreground" "-no-remote" "-profile" "C:\\Users\\luame\\AppData\\Local\\Temp\\rust_mozprofilevn6j5Z"
console.warn: SearchSettings: "get: No settings file exists, new profile?" (new Error("", "(unknown module)"))
1616027357662	Marionette	INFO	Listening on port 51602
1616027357799	Marionette	WARN	TLS certificate errors will be ignored for this session
console.error: Region.jsm: "Error fetching region" (new Error("TIMEOUT", "resource://gre/modules/Region.jsm", 775))
console.error: Region.jsm: "Failed to fetch region" (new Error("TIMEOUT", "resource://gre/modules/Region.jsm", 422))
JavaScript warning: https://nfse.salvador.ba.gov.br/scripts/vendor/jquery-1.9.1.min.js, line 2: Using //@ to indicate sourceMappingURL pragmas is deprecated. Use //# instead
1616027364956	Marionette	INFO	Stopped listening on port 51602
JavaScript error: resource://activity-stream/lib/ASRouter.jsm, line 988: NS_ERROR_ILLEGAL_VALUE: Component returned failure code: 0x80070057 (NS_ERROR_ILLEGAL_VALUE) [nsIObserverService.removeObserver]
console.warn: services.settings: main/whats-new-panel sync interrupted by shutdown

###!!! [Child][RunMessage] Error: Channel closing: too late to send/recv, messages will be lost

1616028293443	geckodriver	INFO	Listening on 127.0.0.1:52213
1616028296498	mozrunner::runner	INFO	Running command: "C:\\Program Files\\Mozilla Firefox\\firefox.exe" "--marionette" "-foreground" "-no-remote" "-profile" "C:\\Users\\luame\\AppData\\Local\\Temp\\rust_mozprofileMmVxTe"
console.warn: SearchSettings: "get: No settings file exists, new profile?" (new Error("", "(unknown module)"))
1616028300949	Marionette	INFO	Listening on port 52223
1616028301312	Marionette	WARN	TLS certificate errors will be ignored for this session
JavaScript warning: https://nfse.salvador.ba.gov.br/scripts/vendor/jquery-1.9.1.min.js, line 2: Using //@ to indicate sourceMappingURL pragmas is deprecated. Use //# instead
JavaScript error: resource://gre/actors/AutoCompleteChild.jsm, line 125: Error: Invalid autocomplete selectedIndex
JavaScript error: resource://gre/actors/AutoCompleteChild.jsm, line 125: Error: Invalid autocomplete selectedIndex
JavaScript error: resource://gre/modules/LoginManagerChild.jsm, line 190: NS_ERROR_XPC_JAVASCRIPT_ERROR_WITH_DETAILS: [JavaScript Error: "Invalid autocomplete selectedIndex" {file: "resource://gre/actors/AutoCompleteChild.jsm" line: 125}]'[JavaScript Error: "Invalid autocomplete selectedIndex" {file: "resource://gre/actors/AutoCompleteChild.jsm" line: 125}]' when calling method: [nsIAutoCompletePopup::selectedIndex]
JavaScript warning: https://nfse.salvador.ba.gov.br/scripts/vendor/jquery-1.9.1.min.js, line 2: Using //@ to indicate sourceMappingURL pragmas is deprecated. Use //# instead
Marionette threw an error: TypeError: browsingContextFn().currentWindowGlobal is null
getMarionetteCommandsActorProxy/get/<@chrome://marionette/content/actors/MarionetteCommandsParent.jsm:332:29

1616028327286	Marionette	INFO	Stopped listening on port 52223

###!!! [Child][RunMessage] Error: Channel closing: too late to send/recv, messages will be lost

1616028328650	geckodriver	INFO	Listening on 127.0.0.1:52289
1616028331579	mozrunner::runner	INFO	Running command: "C:\\Program Files\\Mozilla Firefox\\firefox.exe" "--marionette" "-foreground" "-no-remote" "-profile" "C:\\Users\\luame\\AppData\\Local\\Temp\\rust_mozprofilehsLAJV"
console.warn: SearchSettings: "get: No settings file exists, new profile?" (new Error("", "(unknown module)"))
1616028336373	Marionette	INFO	Listening on port 52299
1616028336896	Marionette	WARN	TLS certificate errors will be ignored for this session
JavaScript warning: https://nfse.salvador.ba.gov.br/scripts/vendor/jquery-1.9.1.min.js, line 2: Using //@ to indicate sourceMappingURL pragmas is deprecated. Use //# instead
JavaScript error: resource://gre/actors/AutoCompleteChild.jsm, line 125: Error: Invalid autocomplete selectedIndex
JavaScript error: resource://gre/actors/AutoCompleteChild.jsm, line 125: Error: Invalid autocomplete selectedIndex
JavaScript error: resource://gre/modules/LoginManagerChild.jsm, line 190: NS_ERROR_XPC_JAVASCRIPT_ERROR_WITH_DETAILS: [JavaScript Error: "Invalid autocomplete selectedIndex" {file: "resource://gre/actors/AutoCompleteChild.jsm" line: 125}]'[JavaScript Error: "Invalid autocomplete selectedIndex" {file: "resource://gre/actors/AutoCompleteChild.jsm" line: 125}]' when calling method: [nsIAutoCompletePopup::selectedIndex]
JavaScript warning: https://nfse.salvador.ba.gov.br/scripts/vendor/jquery-1.9.1.min.js, line 2: Using //@ to indicate sourceMappingURL pragmas is deprecated. Use //# instead
1616028372638	Marionette	INFO	Stopped listening on port 52299

###!!! [Child][RunMessage] Error: Channel closing: too late to send/recv, messages will be lost

1616028374507	geckodriver	INFO	Listening on 127.0.0.1:52381
1616028377473	mozrunner::runner	INFO	Running command: "C:\\Program Files\\Mozilla Firefox\\firefox.exe" "--marionette" "-foreground" "-no-remote" "-profile" "C:\\Users\\luame\\AppData\\Local\\Temp\\rust_mozprofileRkfzp5"
console.warn: SearchSettings: "get: No settings file exists, new profile?" (new Error("", "(unknown module)"))
1616028382164	Marionette	INFO	Listening on port 52391
1616028382336	Marionette	WARN	TLS certificate errors will be ignored for this session
JavaScript warning: https://nfse.salvador.ba.gov.br/scripts/vendor/jquery-1.9.1.min.js, line 2: Using //@ to indicate sourceMappingURL pragmas is deprecated. Use //# instead
JavaScript error: resource://gre/actors/AutoCompleteChild.jsm, line 125: Error: Invalid autocomplete selectedIndex
JavaScript error: resource://gre/actors/AutoCompleteChild.jsm, line 125: Error: Invalid autocomplete selectedIndex
JavaScript error: resource://gre/modules/LoginManagerChild.jsm, line 190: NS_ERROR_XPC_JAVASCRIPT_ERROR_WITH_DETAILS: [JavaScript Error: "Invalid autocomplete selectedIndex" {file: "resource://gre/actors/AutoCompleteChild.jsm" line: 125}]'[JavaScript Error: "Invalid autocomplete selectedIndex" {file: "resource://gre/actors/AutoCompleteChild.jsm" line: 125}]' when calling method: [nsIAutoCompletePopup::selectedIndex]
JavaScript warning: https://nfse.salvador.ba.gov.br/scripts/vendor/jquery-1.9.1.min.js, line 2: Using //@ to indicate sourceMappingURL pragmas is deprecated. Use //# instead
1616028397052	Marionette	WARN	Ignoring event 'DOMContentLoaded' because document has an invalid readyState of 'complete'.
JavaScript warning: https://nfse.salvador.ba.gov.br/scripts/vendor/jquery-1.9.1.min.js, line 2: Using //@ to indicate sourceMappingURL pragmas is deprecated. Use //# instead
JavaScript warning: https://nfse.salvador.ba.gov.br/scripts/vendor/jquery-1.9.1.min.js, line 2: Using //@ to indicate sourceMappingURL pragmas is deprecated. Use //# instead
1616121356739	geckodriver	INFO	Listening on 127.0.0.1:51942
1616121359801	mozrunner::runner	INFO	Running command: "C:\\Program Files\\Mozilla Firefox\\firefox.exe" "--marionette" "-foreground" "-no-remote" "-profile" "C:\\Users\\luame\\AppData\\Local\\Temp\\rust_mozprofileCWy6xL"
console.warn: SearchSettings: "get: No settings file exists, new profile?" (new Error("", "(unknown module)"))
1616121366771	Marionette	INFO	Listening on port 51951
1616121367385	Marionette	WARN	TLS certificate errors will be ignored for this session
console.error: Region.jsm: "Error fetching region" (new Error("TIMEOUT", "resource://gre/modules/Region.jsm", 775))
console.error: Region.jsm: "Failed to fetch region" (new Error("TIMEOUT", "resource://gre/modules/Region.jsm", 422))
console.error: services.settings: 
  main/message-groups Signature failed  TypeError: NetworkError when attempting to fetch resource.
JavaScript error: resource://activity-stream/lib/ASRouter.jsm, line 988: NS_ERROR_ILLEGAL_VALUE: Component returned failure code: 0x80070057 (NS_ERROR_ILLEGAL_VALUE) [nsIObserverService.removeObserver]
1616121435049	Marionette	INFO	Stopped listening on port 51951

###!!! [Child][RunMessage] Error: Channel closing: too late to send/recv, messages will be lost

1616121476147	geckodriver	INFO	Listening on 127.0.0.1:52182
1616121479123	mozrunner::runner	INFO	Running command: "C:\\Program Files\\Mozilla Firefox\\firefox.exe" "--marionette" "-foreground" "-no-remote" "-profile" "C:\\Users\\luame\\AppData\\Local\\Temp\\rust_mozprofile5HS7BP"
console.warn: SearchSettings: "get: No settings file exists, new profile?" (new Error("", "(unknown module)"))
1616121485197	Marionette	INFO	Listening on port 52191
1616121485831	Marionette	WARN	TLS certificate errors will be ignored for this session
console.error: Region.jsm: "Error fetching region" (new Error("TIMEOUT", "resource://gre/modules/Region.jsm", 775))
console.error: Region.jsm: "Failed to fetch region" (new Error("TIMEOUT", "resource://gre/modules/Region.jsm", 422))
JavaScript error: resource://activity-stream/lib/ASRouter.jsm, line 988: NS_ERROR_ILLEGAL_VALUE: Component returned failure code: 0x80070057 (NS_ERROR_ILLEGAL_VALUE) [nsIObserverService.removeObserver]
1616121513428	Marionette	INFO	Stopped listening on port 52191

###!!! [Child][RunMessage] Error: Channel closing: too late to send/recv, messages will be lost

1616182053753	geckodriver	INFO	Listening on 127.0.0.1:50892
1616182675472	geckodriver	INFO	Listening on 127.0.0.1:51300
1616182922425	geckodriver	INFO	Listening on 127.0.0.1:51417
1616183022000	geckodriver	INFO	Listening on 127.0.0.1:51497
1616183627168	geckodriver	INFO	Listening on 127.0.0.1:51800
1616183630245	mozrunner::runner	INFO	Running command: "C:\\Program Files\\Mozilla Firefox\\firefox.exe" "--marionette" "-foreground" "-no-remote" "-profile" "C:\\Users\\luame\\AppData\\Local\\Temp\\rust_mozprofileSOrRL5"
console.warn: SearchSettings: "get: No settings file exists, new profile?" (new Error("", "(unknown module)"))
1616183635029	Marionette	INFO	Listening on port 51810
1616183635092	Marionette	WARN	TLS certificate errors will be ignored for this session
console.error: Region.jsm: "Error fetching region" (new Error("TIMEOUT", "resource://gre/modules/Region.jsm", 775))
console.error: Region.jsm: "Failed to fetch region" (new Error("TIMEOUT", "resource://gre/modules/Region.jsm", 422))
JavaScript warning: https://nfse.salvador.ba.gov.br/scripts/vendor/jquery-1.9.1.min.js, line 2: Using //@ to indicate sourceMappingURL pragmas is deprecated. Use //# instead
JavaScript error: resource://gre/actors/AutoCompleteChild.jsm, line 125: Error: Invalid autocomplete selectedIndex
JavaScript error: resource://gre/actors/AutoCompleteChild.jsm, line 125: Error: Invalid autocomplete selectedIndex
JavaScript error: resource://gre/modules/LoginManagerChild.jsm, line 190: NS_ERROR_XPC_JAVASCRIPT_ERROR_WITH_DETAILS: [JavaScript Error: "Invalid autocomplete selectedIndex" {file: "resource://gre/actors/AutoCompleteChild.jsm" line: 125}]'[JavaScript Error: "Invalid autocomplete selectedIndex" {file: "resource://gre/actors/AutoCompleteChild.jsm" line: 125}]' when calling method: [nsIAutoCompletePopup::selectedIndex]
1616183705190	Marionette	INFO	Stopped listening on port 51810
JavaScript error: resource://activity-stream/lib/ASRouter.jsm, line 988: NS_ERROR_ILLEGAL_VALUE: Component returned failure code: 0x80070057 (NS_ERROR_ILLEGAL_VALUE) [nsIObserverService.removeObserver]
console.error: services.settings: 
  main/cfr Signature failed  TypeError: NetworkError when attempting to fetch resource.

###!!! [Child][RunMessage] Error: Channel closing: too late to send/recv, messages will be lost

1616183839606	geckodriver	INFO	Listening on 127.0.0.1:52120
1616183842657	mozrunner::runner	INFO	Running command: "C:\\Program Files\\Mozilla Firefox\\firefox.exe" "--marionette" "-foreground" "-no-remote" "-profile" "C:\\Users\\luame\\AppData\\Local\\Temp\\rust_mozprofilejvzC4F"
console.warn: SearchSettings: "get: No settings file exists, new profile?" (new Error("", "(unknown module)"))
1616183847021	Marionette	INFO	Listening on port 52132
1616183847459	Marionette	WARN	TLS certificate errors will be ignored for this session
JavaScript warning: https://nfse.salvador.ba.gov.br/scripts/vendor/jquery-1.9.1.min.js, line 2: Using //@ to indicate sourceMappingURL pragmas is deprecated. Use //# instead
JavaScript error: resource://gre/actors/AutoCompleteChild.jsm, line 125: Error: Invalid autocomplete selectedIndex
JavaScript error: resource://gre/actors/AutoCompleteChild.jsm, line 125: Error: Invalid autocomplete selectedIndex
JavaScript error: resource://gre/modules/LoginManagerChild.jsm, line 190: NS_ERROR_XPC_JAVASCRIPT_ERROR_WITH_DETAILS: [JavaScript Error: "Invalid autocomplete selectedIndex" {file: "resource://gre/actors/AutoCompleteChild.jsm" line: 125}]'[JavaScript Error: "Invalid autocomplete selectedIndex" {file: "resource://gre/actors/AutoCompleteChild.jsm" line: 125}]' when calling method: [nsIAutoCompletePopup::selectedIndex]
1616183873285	Marionette	INFO	Stopped listening on port 52132
JavaScript error: resource://activity-stream/lib/ASRouter.jsm, line 988: NS_ERROR_ILLEGAL_VALUE: Component returned failure code: 0x80070057 (NS_ERROR_ILLEGAL_VALUE) [nsIObserverService.removeObserver]

###!!! [Child][RunMessage] Error: Channel closing: too late to send/recv, messages will be lost

1616184102771	geckodriver	INFO	Listening on 127.0.0.1:52423
1616184105751	mozrunner::runner	INFO	Running command: "C:\\Program Files\\Mozilla Firefox\\firefox.exe" "--marionette" "-foreground" "-no-remote" "-profile" "C:\\Users\\luame\\AppData\\Local\\Temp\\rust_mozprofile906Hpn"
console.warn: SearchSettings: "get: No settings file exists, new profile?" (new Error("", "(unknown module)"))
1616184109966	Marionette	INFO	Listening on port 52435
1616184110064	Marionette	WARN	TLS certificate errors will be ignored for this session
JavaScript warning: https://nfse.salvador.ba.gov.br/scripts/vendor/jquery-1.9.1.min.js, line 2: Using //@ to indicate sourceMappingURL pragmas is deprecated. Use //# instead
JavaScript error: resource://gre/actors/AutoCompleteChild.jsm, line 125: Error: Invalid autocomplete selectedIndex
JavaScript error: resource://gre/actors/AutoCompleteChild.jsm, line 125: Error: Invalid autocomplete selectedIndex
JavaScript error: resource://gre/modules/LoginManagerChild.jsm, line 190: NS_ERROR_XPC_JAVASCRIPT_ERROR_WITH_DETAILS: [JavaScript Error: "Invalid autocomplete selectedIndex" {file: "resource://gre/actors/AutoCompleteChild.jsm" line: 125}]'[JavaScript Error: "Invalid autocomplete selectedIndex" {file: "resource://gre/actors/AutoCompleteChild.jsm" line: 125}]' when calling method: [nsIAutoCompletePopup::selectedIndex]
JavaScript warning: https://nfse.salvador.ba.gov.br/scripts/vendor/jquery-1.9.1.min.js, line 2: Using //@ to indicate sourceMappingURL pragmas is deprecated. Use //# instead
1616184172455	Marionette	INFO	Stopped listening on port 52435

###!!! [Child][RunMessage] Error: Channel closing: too late to send/recv, messages will be lost

1616184380687	geckodriver	INFO	Listening on 127.0.0.1:52712
1616184519381	geckodriver	INFO	Listening on 127.0.0.1:52861
1616184554390	geckodriver	INFO	Listening on 127.0.0.1:52917
1616184557436	mozrunner::runner	INFO	Running command: "C:\\Program Files\\Mozilla Firefox\\firefox.exe" "--marionette" "-foreground" "-no-remote" "-profile" "C:\\Users\\luame\\AppData\\Local\\Temp\\rust_mozprofileXzSVOf"
console.warn: SearchSettings: "get: No settings file exists, new profile?" (new Error("", "(unknown module)"))
1616184561425	Marionette	INFO	Listening on port 52928
1616184561647	Marionette	WARN	TLS certificate errors will be ignored for this session
JavaScript warning: https://nfse.salvador.ba.gov.br/scripts/vendor/jquery-1.9.1.min.js, line 2: Using //@ to indicate sourceMappingURL pragmas is deprecated. Use //# instead
JavaScript error: resource://gre/actors/AutoCompleteChild.jsm, line 125: Error: Invalid autocomplete selectedIndex
JavaScript error: resource://gre/actors/AutoCompleteChild.jsm, line 125: Error: Invalid autocomplete selectedIndex
JavaScript error: resource://gre/modules/LoginManagerChild.jsm, line 190: NS_ERROR_XPC_JAVASCRIPT_ERROR_WITH_DETAILS: [JavaScript Error: "Invalid autocomplete selectedIndex" {file: "resource://gre/actors/AutoCompleteChild.jsm" line: 125}]'[JavaScript Error: "Invalid autocomplete selectedIndex" {file: "resource://gre/actors/AutoCompleteChild.jsm" line: 125}]' when calling method: [nsIAutoCompletePopup::selectedIndex]
JavaScript warning: https://nfse.salvador.ba.gov.br/scripts/vendor/jquery-1.9.1.min.js, line 2: Using //@ to indicate sourceMappingURL pragmas is deprecated. Use //# instead
1616184587324	Marionette	WARN	Ignoring event 'DOMContentLoaded' because document has an invalid readyState of 'complete'.
JavaScript warning: https://nfse.salvador.ba.gov.br/scripts/vendor/jquery-1.9.1.min.js, line 2: Using //@ to indicate sourceMappingURL pragmas is deprecated. Use //# instead
JavaScript warning: https://nfse.salvador.ba.gov.br/scripts/vendor/jquery-1.9.1.min.js, line 2: Using //@ to indicate sourceMappingURL pragmas is deprecated. Use //# instead
JavaScript error: , line 0: uncaught exception: undefined
1616184673879	Marionette	INFO	Stopped listening on port 52928

###!!! [Child][RunMessage] Error: Channel closing: too late to send/recv, messages will be lost

1616285156309	geckodriver	INFO	Listening on 127.0.0.1:50525
1616285545839	geckodriver	INFO	Listening on 127.0.0.1:59354
1616285902168	geckodriver	INFO	Listening on 127.0.0.1:64157
1616285905412	mozrunner::runner	INFO	Running command: "C:\\Program Files\\Mozilla Firefox\\firefox.exe" "--marionette" "-foreground" "-no-remote" "-profile" "C:\\Users\\luame\\AppData\\Local\\Temp\\rust_mozprofile6oG7XZ"
console.warn: SearchSettings: "get: No settings file exists, new profile?" (new Error("", "(unknown module)"))
1616285910841	Marionette	INFO	Listening on port 64167
1616285911279	Marionette	WARN	TLS certificate errors will be ignored for this session
JavaScript warning: https://nfse.salvador.ba.gov.br/scripts/vendor/jquery-1.9.1.min.js, line 2: Using //@ to indicate sourceMappingURL pragmas is deprecated. Use //# instead
JavaScript error: resource://activity-stream/lib/ASRouter.jsm, line 988: NS_ERROR_ILLEGAL_VALUE: Component returned failure code: 0x80070057 (NS_ERROR_ILLEGAL_VALUE) [nsIObserverService.removeObserver]
console.error: services.settings: 
  main/cfr Signature failed  TypeError: NetworkError when attempting to fetch resource.

###!!! [Child][RunMessage] Error: Channel closing: too late to send/recv, messages will be lost

[Parent 15212, IPC I/O Parent] WARNING: file /builds/worker/checkouts/gecko/ipc/chromium/src/base/process_util_win.cc:167
1616285920754	Marionette	INFO	Stopped listening on port 64167

###!!! [Child][RunMessage] Error: Channel closing: too late to send/recv, messages will be lost

1616287685126	geckodriver	INFO	Listening on 127.0.0.1:50484
1616287688145	mozrunner::runner	INFO	Running command: "C:\\Program Files\\Mozilla Firefox\\firefox.exe" "--marionette" "-foreground" "-no-remote" "-profile" "C:\\Users\\luame\\AppData\\Local\\Temp\\rust_mozprofilecE7WyO"
console.warn: SearchSettings: "get: No settings file exists, new profile?" (new Error("", "(unknown module)"))
1616287692614	Marionette	INFO	Listening on port 50496
1616287693137	Marionette	WARN	TLS certificate errors will be ignored for this session
JavaScript warning: https://nfse.salvador.ba.gov.br/scripts/vendor/jquery-1.9.1.min.js, line 2: Using //@ to indicate sourceMappingURL pragmas is deprecated. Use //# instead
JavaScript error: resource://gre/actors/AutoCompleteChild.jsm, line 125: Error: Invalid autocomplete selectedIndex
JavaScript error: resource://gre/actors/AutoCompleteChild.jsm, line 125: Error: Invalid autocomplete selectedIndex
JavaScript error: resource://gre/modules/LoginManagerChild.jsm, line 190: NS_ERROR_XPC_JAVASCRIPT_ERROR_WITH_DETAILS: [JavaScript Error: "Invalid autocomplete selectedIndex" {file: "resource://gre/actors/AutoCompleteChild.jsm" line: 125}]'[JavaScript Error: "Invalid autocomplete selectedIndex" {file: "resource://gre/actors/AutoCompleteChild.jsm" line: 125}]' when calling method: [nsIAutoCompletePopup::selectedIndex]
JavaScript warning: https://nfse.salvador.ba.gov.br/scripts/vendor/jquery-1.9.1.min.js, line 2: Using //@ to indicate sourceMappingURL pragmas is deprecated. Use //# instead
1616287725713	Marionette	INFO	Stopped listening on port 50496

###!!! [Child][RunMessage] Error: Channel closing: too late to send/recv, messages will be lost

1616287778768	geckodriver	INFO	Listening on 127.0.0.1:50636
1616287781717	mozrunner::runner	INFO	Running command: "C:\\Program Files\\Mozilla Firefox\\firefox.exe" "--marionette" "-foreground" "-no-remote" "-profile" "C:\\Users\\luame\\AppData\\Local\\Temp\\rust_mozprofileMCshin"
console.warn: SearchSettings: "get: No settings file exists, new profile?" (new Error("", "(unknown module)"))
1616287785983	Marionette	INFO	Listening on port 50645
1616287786024	Marionette	WARN	TLS certificate errors will be ignored for this session
JavaScript warning: https://nfse.salvador.ba.gov.br/scripts/vendor/jquery-1.9.1.min.js, line 2: Using //@ to indicate sourceMappingURL pragmas is deprecated. Use //# instead
JavaScript error: resource://gre/actors/AutoCompleteChild.jsm, line 125: Error: Invalid autocomplete selectedIndex
JavaScript error: resource://gre/actors/AutoCompleteChild.jsm, line 125: Error: Invalid autocomplete selectedIndex
JavaScript error: resource://gre/modules/LoginManagerChild.jsm, line 190: NS_ERROR_XPC_JAVASCRIPT_ERROR_WITH_DETAILS: [JavaScript Error: "Invalid autocomplete selectedIndex" {file: "resource://gre/actors/AutoCompleteChild.jsm" line: 125}]'[JavaScript Error: "Invalid autocomplete selectedIndex" {file: "resource://gre/actors/AutoCompleteChild.jsm" line: 125}]' when calling method: [nsIAutoCompletePopup::selectedIndex]
JavaScript warning: https://nfse.salvador.ba.gov.br/scripts/vendor/jquery-1.9.1.min.js, line 2: Using //@ to indicate sourceMappingURL pragmas is deprecated. Use //# instead
1616287804178	Marionette	WARN	Ignoring event 'DOMContentLoaded' because document has an invalid readyState of 'complete'.
JavaScript warning: https://nfse.salvador.ba.gov.br/scripts/vendor/jquery-1.9.1.min.js, line 2: Using //@ to indicate sourceMappingURL pragmas is deprecated. Use //# instead
JavaScript warning: https://nfse.salvador.ba.gov.br/scripts/vendor/jquery-1.9.1.min.js, line 2: Using //@ to indicate sourceMappingURL pragmas is deprecated. Use //# instead
JavaScript error: , line 0: uncaught exception: undefined
1616287874486	Marionette	INFO	Stopped listening on port 50645

###!!! [Child][RunMessage] Error: Channel closing: too late to send/recv, messages will be lost

1616288173884	geckodriver	INFO	Listening on 127.0.0.1:51075
1616288176899	mozrunner::runner	INFO	Running command: "C:\\Program Files\\Mozilla Firefox\\firefox.exe" "--marionette" "-foreground" "-no-remote" "-profile" "C:\\Users\\luame\\AppData\\Local\\Temp\\rust_mozprofiledSwEaW"
console.warn: SearchSettings: "get: No settings file exists, new profile?" (new Error("", "(unknown module)"))
1616288182383	Marionette	INFO	Listening on port 51085
1616288182894	Marionette	WARN	TLS certificate errors will be ignored for this session
JavaScript warning: https://nfse.salvador.ba.gov.br/scripts/vendor/jquery-1.9.1.min.js, line 2: Using //@ to indicate sourceMappingURL pragmas is deprecated. Use //# instead
JavaScript error: resource://gre/actors/AutoCompleteChild.jsm, line 125: Error: Invalid autocomplete selectedIndex
JavaScript error: resource://gre/actors/AutoCompleteChild.jsm, line 125: Error: Invalid autocomplete selectedIndex
JavaScript error: resource://gre/modules/LoginManagerChild.jsm, line 190: NS_ERROR_XPC_JAVASCRIPT_ERROR_WITH_DETAILS: [JavaScript Error: "Invalid autocomplete selectedIndex" {file: "resource://gre/actors/AutoCompleteChild.jsm" line: 125}]'[JavaScript Error: "Invalid autocomplete selectedIndex" {file: "resource://gre/actors/AutoCompleteChild.jsm" line: 125}]' when calling method: [nsIAutoCompletePopup::selectedIndex]
JavaScript warning: https://nfse.salvador.ba.gov.br/scripts/vendor/jquery-1.9.1.min.js, line 2: Using //@ to indicate sourceMappingURL pragmas is deprecated. Use //# instead
1616288215968	Marionette	INFO	Stopped listening on port 51085

###!!! [Child][RunMessage] Error: Channel closing: too late to send/recv, messages will be lost

1616288239766	geckodriver	INFO	Listening on 127.0.0.1:51202
1616288242811	mozrunner::runner	INFO	Running command: "C:\\Program Files\\Mozilla Firefox\\firefox.exe" "--marionette" "-foreground" "-no-remote" "-profile" "C:\\Users\\luame\\AppData\\Local\\Temp\\rust_mozprofileWcoSRn"
console.warn: SearchSettings: "get: No settings file exists, new profile?" (new Error("", "(unknown module)"))
1616288248584	Marionette	INFO	Listening on port 51214
1616288248656	Marionette	WARN	TLS certificate errors will be ignored for this session
JavaScript warning: https://nfse.salvador.ba.gov.br/scripts/vendor/jquery-1.9.1.min.js, line 2: Using //@ to indicate sourceMappingURL pragmas is deprecated. Use //# instead
JavaScript error: resource://gre/actors/AutoCompleteChild.jsm, line 125: Error: Invalid autocomplete selectedIndex
JavaScript error: resource://gre/actors/AutoCompleteChild.jsm, line 125: Error: Invalid autocomplete selectedIndex
JavaScript error: resource://gre/modules/LoginManagerChild.jsm, line 190: NS_ERROR_XPC_JAVASCRIPT_ERROR_WITH_DETAILS: [JavaScript Error: "Invalid autocomplete selectedIndex" {file: "resource://gre/actors/AutoCompleteChild.jsm" line: 125}]'[JavaScript Error: "Invalid autocomplete selectedIndex" {file: "resource://gre/actors/AutoCompleteChild.jsm" line: 125}]' when calling method: [nsIAutoCompletePopup::selectedIndex]
JavaScript warning: https://nfse.salvador.ba.gov.br/scripts/vendor/jquery-1.9.1.min.js, line 2: Using //@ to indicate sourceMappingURL pragmas is deprecated. Use //# instead
1616288270657	Marionette	WARN	Ignoring event 'DOMContentLoaded' because document has an invalid readyState of 'complete'.
JavaScript warning: https://nfse.salvador.ba.gov.br/scripts/vendor/jquery-1.9.1.min.js, line 2: Using //@ to indicate sourceMappingURL pragmas is deprecated. Use //# instead
JavaScript warning: https://nfse.salvador.ba.gov.br/scripts/vendor/jquery-1.9.1.min.js, line 2: Using //@ to indicate sourceMappingURL pragmas is deprecated. Use //# instead
JavaScript error: , line 0: uncaught exception: undefined
1616288340504	Marionette	INFO	Stopped listening on port 51214

###!!! [Child][RunMessage] Error: Channel closing: too late to send/recv, messages will be lost

1616288652367	geckodriver	INFO	Listening on 127.0.0.1:51632
1616288655372	mozrunner::runner	INFO	Running command: "C:\\Program Files\\Mozilla Firefox\\firefox.exe" "--marionette" "-foreground" "-no-remote" "-profile" "C:\\Users\\luame\\AppData\\Local\\Temp\\rust_mozprofileqR0HdV"
console.warn: SearchSettings: "get: No settings file exists, new profile?" (new Error("", "(unknown module)"))
1616288661521	Marionette	INFO	Listening on port 51642
1616288661795	Marionette	WARN	TLS certificate errors will be ignored for this session
JavaScript warning: https://nfse.salvador.ba.gov.br/scripts/vendor/jquery-1.9.1.min.js, line 2: Using //@ to indicate sourceMappingURL pragmas is deprecated. Use //# instead
JavaScript error: resource://gre/actors/AutoCompleteChild.jsm, line 125: Error: Invalid autocomplete selectedIndex
JavaScript error: resource://gre/actors/AutoCompleteChild.jsm, line 125: Error: Invalid autocomplete selectedIndex
JavaScript error: resource://gre/modules/LoginManagerChild.jsm, line 190: NS_ERROR_XPC_JAVASCRIPT_ERROR_WITH_DETAILS: [JavaScript Error: "Invalid autocomplete selectedIndex" {file: "resource://gre/actors/AutoCompleteChild.jsm" line: 125}]'[JavaScript Error: "Invalid autocomplete selectedIndex" {file: "resource://gre/actors/AutoCompleteChild.jsm" line: 125}]' when calling method: [nsIAutoCompletePopup::selectedIndex]
JavaScript warning: https://nfse.salvador.ba.gov.br/scripts/vendor/jquery-1.9.1.min.js, line 2: Using //@ to indicate sourceMappingURL pragmas is deprecated. Use //# instead
1616288676790	Marionette	WARN	Ignoring event 'DOMContentLoaded' because document has an invalid readyState of 'complete'.
JavaScript warning: https://nfse.salvador.ba.gov.br/scripts/vendor/jquery-1.9.1.min.js, line 2: Using //@ to indicate sourceMappingURL pragmas is deprecated. Use //# instead
JavaScript warning: https://nfse.salvador.ba.gov.br/scripts/vendor/jquery-1.9.1.min.js, line 2: Using //@ to indicate sourceMappingURL pragmas is deprecated. Use //# instead
JavaScript error: , line 0: uncaught exception: undefined
JavaScript warning: https://nfse.salvador.ba.gov.br/scripts/vendor/jquery-1.9.1.min.js, line 2: Using //@ to indicate sourceMappingURL pragmas is deprecated. Use //# instead
JavaScript warning: https://nfse.salvador.ba.gov.br/scripts/vendor/jquery-1.9.1.min.js, line 2: Using //@ to indicate sourceMappingURL pragmas is deprecated. Use //# instead
JavaScript warning: https://nfse.salvador.ba.gov.br/scripts/vendor/jquery-1.9.1.min.js, line 2: Using //@ to indicate sourceMappingURL pragmas is deprecated. Use //# instead
JavaScript warning: https://nfse.salvador.ba.gov.br/scripts/vendor/jquery-1.9.1.min.js, line 2: Using //@ to indicate sourceMappingURL pragmas is deprecated. Use //# instead
1616288801265	Marionette	INFO	Stopped listening on port 51642
